Opened log file './temp.log'
ModLoad: 00000000`01000000 00000000`010ab000   WOW64_IMAGE_SECTION
ModLoad: 00000000`76cf0000 00000000`76dd0000   WOW64_IMAGE_SECTION
ModLoad: 00000000`01000000 00000000`010ab000   NOT_AN_IMAGE
ModLoad: 00000000`01000000 00000000`01165000   NOT_AN_IMAGE
ModLoad: 00000000`659b0000 00000000`659ba000   C:\WINDOWS\System32\wow64cpu.dll
ModLoad: 00000000`76cf0000 00000000`76dd0000   C:\WINDOWS\SysWoW64\KERNEL32.DLL
ModLoad: 00000000`74460000 00000000`74601000   C:\WINDOWS\SysWoW64\KERNELBASE.dll
ModLoad: 00000000`700c0000 00000000`70152000   C:\WINDOWS\SysWoW64\apphelp.dll
ModLoad: 00000000`76b20000 00000000`76c7f000   C:\WINDOWS\SysWoW64\USER32.dll
ModLoad: 00000000`77320000 00000000`77335000   C:\WINDOWS\SysWoW64\win32u.dll
ModLoad: 00000000`74610000 00000000`7463b000   C:\WINDOWS\SysWoW64\GDI32.dll
ModLoad: 00000000`74010000 00000000`7416b000   C:\WINDOWS\SysWoW64\gdi32full.dll
ModLoad: 00000000`74650000 00000000`746c7000   C:\WINDOWS\SysWoW64\ADVAPI32.dll
ModLoad: 00000000`755d0000 00000000`7568e000   C:\WINDOWS\SysWoW64\msvcrt.dll
ModLoad: 00000000`747c0000 00000000`74801000   C:\WINDOWS\SysWoW64\sechost.dll
ModLoad: 00000000`74210000 00000000`742d1000   C:\WINDOWS\SysWoW64\RPCRT4.dll
ModLoad: 00000000`73e60000 00000000`73e7e000   C:\WINDOWS\SysWoW64\SspiCli.dll
ModLoad: 00000000`73e50000 00000000`73e5a000   C:\WINDOWS\SysWoW64\CRYPTBASE.dll
ModLoad: 00000000`742e0000 00000000`7433a000   C:\WINDOWS\SysWoW64\bcryptPrimitives.dll
ModLoad: 00000000`75690000 00000000`76a67000   C:\WINDOWS\SysWoW64\SHELL32.dll
ModLoad: 00000000`75470000 00000000`754a6000   C:\WINDOWS\SysWoW64\cfgmgr32.dll
ModLoad: 00000000`74810000 00000000`74d7e000   C:\WINDOWS\SysWoW64\windows.storage.dll
ModLoad: 00000000`750e0000 00000000`752f1000   C:\WINDOWS\SysWoW64\combase.dll
ModLoad: 00000000`771e0000 00000000`772c0000   C:\WINDOWS\SysWoW64\ucrtbase.dll
ModLoad: 00000000`73fc0000 00000000`74005000   C:\WINDOWS\SysWoW64\powrprof.dll
ModLoad: 00000000`74340000 00000000`74386000   C:\WINDOWS\SysWoW64\shlwapi.dll
ModLoad: 00000000`74450000 00000000`7445d000   C:\WINDOWS\SysWoW64\kernel.appcore.dll
ModLoad: 00000000`74730000 00000000`747b8000   C:\WINDOWS\SysWoW64\shcore.dll
ModLoad: 00000000`76a70000 00000000`76a7f000   C:\WINDOWS\SysWoW64\profapi.dll
ModLoad: 00000000`754b0000 00000000`7559a000   C:\WINDOWS\SysWoW64\ole32.dll
ModLoad: 00000000`6bc90000 00000000`6bd7e000   C:\WINDOWS\SysWoW64\MSVCR120.dll
ModLoad: 00000000`6bd80000 00000000`6bdf1000   C:\WINDOWS\SysWoW64\MSVCP120.dll
(10ac.18a0): WOW64 breakpoint - code 4000001f (first chance)
First chance exceptions are reported before any exception handling.
This exception may be expected and handled.
ModLoad: 74170000 74195000   C:\WINDOWS\SysWoW64\IMM32.DLL
ModLoad: 6dad0000 6dcda000   C:\WINDOWS\WinSxS\x86_microsoft.windows.common-controls_6595b64144ccf1df_6.0.14393.0_none_74bc87d3d22d9abe\Comctl32.dll
ModLoad: 5fc20000 6180f000   C:\Program Files (x86)\Adobe\Acrobat DC\Acrobat\Acrobat.dll
ModLoad: 6b3c0000 6b3de000   C:\Program Files (x86)\Adobe\Acrobat DC\Acrobat\BIB.dll
ModLoad: 69180000 69767000   C:\Program Files (x86)\Adobe\Acrobat DC\Acrobat\AGM.dll
ModLoad: 68ea0000 69178000   C:\Program Files (x86)\Adobe\Acrobat DC\Acrobat\CoolType.dll
ModLoad: 73e40000 73e48000   C:\WINDOWS\SysWoW64\VERSION.dll
ModLoad: 65fe0000 660cc000   C:\Program Files (x86)\Adobe\Acrobat DC\Acrobat\ACE.dll
ModLoad: 704b0000 70525000   C:\WINDOWS\SysWoW64\uxtheme.dll
ModLoad: 00000000`73e80000 00000000`73fb6000   C:\WINDOWS\SysWoW64\MSCTF.dll
ModLoad: 00000000`76a80000 00000000`76b13000   C:\WINDOWS\SysWoW64\OLEAUT32.dll
ModLoad: 00000000`70270000 00000000`7028f000   C:\WINDOWS\SysWoW64\dwmapi.dll
ModLoad: 00000000`74390000 00000000`74414000   C:\WINDOWS\SysWoW64\clbcatq.dll
ModLoad: 00000000`66e80000 00000000`66ec4000   C:\WINDOWS\SysWoW64\dataexchange.dll
ModLoad: 00000000`66b30000 00000000`66c43000   C:\WINDOWS\SysWoW64\dcomp.dll
ModLoad: 00000000`66c50000 00000000`66e80000   C:\WINDOWS\SysWoW64\d3d11.dll
ModLoad: 00000000`66aa0000 00000000`66b24000   C:\WINDOWS\SysWoW64\dxgi.dll
ModLoad: 00000000`669a0000 00000000`66a91000   C:\WINDOWS\SysWoW64\twinapi.appcore.dll
ModLoad: 00000000`73810000 00000000`7382b000   C:\WINDOWS\SysWoW64\bcrypt.dll
(10ac.18a0): C++ EH exception - code e06d7363 (first chance)
(10ac.18a0): C++ EH exception - code e06d7363 (first chance)
(10ac.18a0): C++ EH exception - code e06d7363 (first chance)
(10ac.18a0): C++ EH exception - code e06d7363 (first chance)
(10ac.18a0): C++ EH exception - code e06d7363 (first chance)
(10ac.18a0): C++ EH exception - code e06d7363 (first chance)
ModLoad: 00000000`25610000 00000000`25811000   C:\Program Files (x86)\Adobe\Acrobat DC\Acrobat\plug_ins\ImageConversion.api
(10ac.18a0): C++ EH exception - code e06d7363 (first chance)
(10ac.18a0): C++ EH exception - code e06d7363 (first chance)
ModLoad: 00000000`70c00000 00000000`70c54000   C:\Windows\SysWoW64\oleacc.dll
ModLoad: 00000000`5f8c0000 00000000`5fb63000   C:\WINDOWS\SysWoW64\Msftedit.dll
ModLoad: 00000000`6b380000 00000000`6b3b4000   C:\Program Files (x86)\Adobe\Acrobat DC\Acrobat\AXE8SharedExpat.dll
ModLoad: 00000000`65f30000 00000000`65f81000   C:\Program Files (x86)\Adobe\Acrobat DC\Acrobat\sqlite.dll
ModLoad: 00000000`5f780000 00000000`5f8b6000   C:\Windows\SysWoW64\Windows.Globalization.dll
ModLoad: 00000000`5f570000 00000000`5f5c2000   C:\Windows\SysWoW64\Bcp47Langs.dll
ModLoad: 00000000`5f540000 00000000`5f565000   C:\WINDOWS\SysWoW64\globinputhost.dll
ModLoad: 00000000`659c0000 00000000`65b5e000   C:\Program Files (x86)\Common Files\Adobe\OOBE\PDApp\P7\IMSLib.dll
ModLoad: 00000000`76dd0000 00000000`771db000   C:\WINDOWS\SysWoW64\SETUPAPI.dll
ModLoad: 00000000`717e0000 00000000`7187f000   C:\WINDOWS\SysWoW64\WINHTTP.dll
ModLoad: 00000000`6d2a0000 00000000`6d2ad000   C:\WINDOWS\SysWoW64\wbem\wbemprox.dll
ModLoad: 00000000`741a0000 00000000`74203000   C:\WINDOWS\SysWoW64\WS2_32.dll
ModLoad: 00000000`6c980000 00000000`6c9e7000   C:\WINDOWS\SysWoW64\wbemcomn.dll
ModLoad: 00000000`6c970000 00000000`6c980000   C:\WINDOWS\SysWoW64\wbem\wbemsvc.dll
ModLoad: 00000000`6c800000 00000000`6c8c2000   C:\WINDOWS\SysWoW64\wbem\fastprox.dll
ModLoad: 00000000`705a0000 00000000`705c2000   C:\WINDOWS\SysWoW64\DEVOBJ.dll
ModLoad: 00000000`74e20000 00000000`74e63000   C:\WINDOWS\SysWoW64\WINTRUST.dll
ModLoad: 00000000`76ce0000 00000000`76cee000   C:\WINDOWS\SysWoW64\MSASN1.dll
ModLoad: 00000000`74e70000 00000000`74fed000   C:\WINDOWS\SysWoW64\CRYPT32.dll
ModLoad: 00000000`73aa0000 00000000`73acf000   C:\WINDOWS\SysWoW64\iphlpapi.dll
ModLoad: 00000000`74440000 00000000`74447000   C:\WINDOWS\SysWoW64\NSI.dll
